<?xml version="1.0" encoding="utf-8"?><testsuites name="pytest tests"><testsuite name="pytest" errors="0" failures="0" skipped="0" tests="50" time="7.979" timestamp="2026-07-10T09:24:20.763623+00:00" hostname="agent-env-b3c651ff-cf30-4e4f-af94-76d0df135915"><testcase classname="tests.backend_test.TestArticles" name="test_list_published_id" time="0.006" /><testcase classname="tests.backend_test.TestArticles" name="test_featured_articles" time="0.267" /><testcase classname="tests.backend_test.TestInvites" name="test_create_invite_owner" time="0.319" /><testcase classname="tests.backend_test.TestArticles" name="test_popular_articles" time="0.044" /><testcase classname="tests.backend_test.TestArticles" name="test_get_article_id_slug" time="0.043" /><testcase classname="tests.backend_test.TestInvites" name="test_list_invites_owner" time="0.131" /><testcase classname="tests.backend_test.TestArticles" name="test_get_article_en_slug" time="0.043" /><testcase classname="tests.backend_test.TestArticles" name="test_get_article_view_throttled" time="0.437" /><testcase classname="tests.backend_test.TestInvites" name="test_list_invites_author_forbidden" time="0.267" /><testcase classname="tests.backend_test.TestInvites" name="test_create_invite_author_forbidden" time="0.042" /><testcase classname="tests.backend_test.TestInvites" name="test_invalid_token_returns_404" time="0.002" /><testcase classname="tests.backend_test.TestInvites" name="test_get_invite_by_token_success" time="0.047" /><testcase classname="tests.backend_test.TestInvites" name="test_accept_invite_flow" time="0.540" /><testcase classname="tests.backend_test.TestArticles" name="test_article_siblings" time="0.277" /><testcase classname="tests.backend_test.TestArticles" name="test_article_siblings_404" time="0.042" /><testcase classname="tests.backend_test.TestAuth" name="test_login_admin_sets_cookies" time="0.413" /><testcase classname="tests.backend_test.TestInvites" name="test_accept_invite_bad_token" time="0.226" /><testcase classname="tests.backend_test.TestAuth" name="test_login_invalid" time="0.002" /><testcase classname="tests.backend_test.TestInvites" name="test_delete_invite_author_forbidden" time="0.241" /><testcase classname="tests.backend_test.TestAuth" name="test_me_endpoint" time="0.279" /><testcase classname="tests.backend_test.TestAdminComments" name="test_admin_list_comments_owner" time="0.043" /><testcase classname="tests.backend_test.TestAuth" name="test_me_unauthenticated" time="0.002" /><testcase classname="tests.backend_test.TestAuth" name="test_logout_clears_cookies" time="0.307" /><testcase classname="tests.backend_test.TestAdminComments" name="test_admin_list_comments_author_forbidden" time="0.223" /><testcase classname="tests.backend_test.TestAdminComments" name="test_moderate_comment_spam_hides_from_public" time="0.315" /><testcase classname="tests.backend_test.TestAuth" name="test_register_creates_author" time="0.228" /><testcase classname="tests.backend_test.TestAuth" name="test_register_duplicate" time="0.002" /><testcase classname="tests.backend_test.TestAdminComments" name="test_moderate_invalid_status" time="0.323" /><testcase classname="tests.backend_test.TestArticleCRUD" name="test_create_and_delete_by_author" time="0.332" /><testcase classname="tests.backend_test.TestAdminComments" name="test_moderate_not_found" time="0.003" /><testcase classname="tests.backend_test.TestAnalytics" name="test_analytics_owner" time="0.047" /><testcase classname="tests.backend_test.TestArticleCRUD" name="test_update_by_author" time="0.356" /><testcase classname="tests.backend_test.TestAnalytics" name="test_analytics_editor" time="0.273" /><testcase classname="tests.backend_test.TestAnalytics" name="test_analytics_author_forbidden" time="0.002" /><testcase classname="tests.backend_test.TestAnalytics" name="test_analytics_unauth" time="0.002" /><testcase classname="tests.backend_test.TestAuthors" name="test_list_authors" time="0.002" /><testcase classname="tests.backend_test.TestAuthors" name="test_get_author_kirana" time="0.043" /><testcase classname="tests.backend_test.TestArticleCRUD" name="test_author_cannot_delete_others" time="0.048" /><testcase classname="tests.backend_test.TestSubscribe" name="test_subscribe_new" time="0.002" /><testcase classname="tests.backend_test.TestSubscribe" name="test_subscribe_duplicate_idempotent" time="0.085" /><testcase classname="tests.backend_test.TestArticleCRUD" name="test_create_unauthenticated" time="0.002" /><testcase classname="tests.backend_test.TestComments" name="test_comment_flow" time="0.090" /><testcase classname="tests.backend_test.TestAI" name="test_ai_draft" time="4.227" /><testcase classname="tests.backend_test.TestComments" name="test_comment_requires_auth" time="0.002" /><testcase classname="tests.backend_test.TestRSS" name="test_rss_id" time="0.006" /><testcase classname="tests.backend_test.TestRSS" name="test_rss_en" time="0.045" /><testcase classname="tests.backend_test.TestCategories" name="test_list_categories" time="0.045" /><testcase classname="tests.backend_test.TestSubscribeNoop" name="test_subscribe_still_succeeds_with_empty_resend_key" time="0.044" /><testcase classname="tests.backend_test.TestAI" name="test_ai_requires_auth" time="0.008" /><testcase classname="tests.backend_test.TestHealth" name="test_root_api_ok" time="0.001" /></testsuite></testsuites>