<?xml version="1.0" encoding="utf-8"?><testsuites name="pytest tests"><testsuite name="pytest" errors="0" failures="0" skipped="0" tests="67" time="13.784" timestamp="2026-07-10T10:19:51.560651+00:00" hostname="agent-env-b3c651ff-cf30-4e4f-af94-76d0df135915"><testcase classname="tests.backend_test.TestArticles" name="test_list_published_id" time="0.009" /><testcase classname="tests.backend_test.TestArticles" name="test_featured_articles" time="0.291" /><testcase classname="tests.backend_test.TestInvites" name="test_create_invite_owner" time="0.634" /><testcase classname="tests.backend_test.TestArticles" name="test_popular_articles" time="0.044" /><testcase classname="tests.backend_test.TestArticles" name="test_get_article_id_slug" time="0.044" /><testcase classname="tests.backend_test.TestArticles" name="test_get_article_en_slug" time="0.044" /><testcase classname="tests.backend_test.TestArticles" name="test_get_article_view_throttled" time="0.260" /><testcase classname="tests.backend_test.TestInvites" name="test_list_invites_owner" time="0.697" /><testcase classname="tests.backend_test.TestArticles" name="test_article_siblings" time="0.086" /><testcase classname="tests.backend_test.TestArticles" name="test_article_siblings_404" time="0.043" /><testcase classname="tests.backend_test.TestAuth" name="test_login_admin_sets_cookies" time="0.226" /><testcase classname="tests.backend_test.TestAuth" name="test_login_invalid" time="0.005" /><testcase classname="tests.backend_test.TestAuth" name="test_me_endpoint" time="0.271" /><testcase classname="tests.backend_test.TestAuth" name="test_me_unauthenticated" time="0.003" /><testcase classname="tests.backend_test.TestAuth" name="test_logout_clears_cookies" time="0.530" /><testcase classname="tests.backend_test.TestInvites" name="test_list_invites_author_forbidden" time="0.492" /><testcase classname="tests.backend_test.TestInvites" name="test_create_invite_author_forbidden" time="0.042" /><testcase classname="tests.backend_test.TestAuth" name="test_register_creates_author" time="0.227" /><testcase classname="tests.backend_test.TestInvites" name="test_invalid_token_returns_404" time="0.226" /><testcase classname="tests.backend_test.TestAuth" name="test_register_duplicate" time="0.003" /><testcase classname="tests.backend_test.TestInvites" name="test_get_invite_by_token_success" time="0.205" /><testcase classname="tests.backend_test.TestNewCategorySeed" name="test_ai_agents_category_has_article" time="0.002" /><testcase classname="tests.backend_test.TestNewCategorySeed" name="test_blockchain_crypto_has_two_articles" time="0.043" /><testcase classname="tests.backend_test.TestNewCategorySeed" name="test_trading_has_one_article" time="0.043" /><testcase classname="tests.backend_test.TestNewCategorySeed" name="test_ai_agents_english_slug" time="0.043" /><testcase classname="tests.backend_test.TestNewCategorySeed" name="test_ai_agents_indonesian_slug" time="0.043" /><testcase classname="tests.backend_test.TestNewCategorySeed" name="test_seed_is_idempotent" time="0.129" /><testcase classname="tests.backend_test.TestInvites" name="test_accept_invite_flow" time="0.874" /><testcase classname="tests.backend_test.TestAdminComments" name="test_admin_list_comments_owner" time="0.003" /><testcase classname="tests.backend_test.TestAdminComments" name="test_admin_list_comments_author_forbidden" time="0.269" /><testcase classname="tests.backend_test.TestAdminComments" name="test_moderate_comment_spam_hides_from_public" time="0.548" /><testcase classname="tests.backend_test.TestInvites" name="test_accept_invite_bad_token" time="0.002" /><testcase classname="tests.backend_test.TestInvites" name="test_delete_invite_author_forbidden" time="0.209" /><testcase classname="tests.backend_test.TestAdminComments" name="test_moderate_invalid_status" time="0.090" /><testcase classname="tests.backend_test.TestAdminComments" name="test_moderate_not_found" time="0.002" /><testcase classname="tests.backend_test.TestAnalytics" name="test_analytics_owner" time="0.045" /><testcase classname="tests.backend_test.TestArticleCRUD" name="test_create_and_delete_by_author" time="0.548" /><testcase classname="tests.backend_test.TestAnalytics" name="test_analytics_editor" time="0.568" /><testcase classname="tests.backend_test.TestArticleCRUD" name="test_update_by_author" time="0.133" /><testcase classname="tests.backend_test.TestAnalytics" name="test_analytics_author_forbidden" time="0.005" /><testcase classname="tests.backend_test.TestAnalytics" name="test_analytics_unauth" time="0.002" /><testcase classname="tests.backend_test.TestRelatedArticles" name="test_related_returns_up_to_3_and_excludes_source" time="0.046" /><testcase classname="tests.backend_test.TestRelatedArticles" name="test_related_prefers_shared_tags" time="1.648" /><testcase classname="tests.backend_test.TestArticleCRUD" name="test_author_cannot_delete_others" time="0.048" /><testcase classname="tests.backend_test.TestArticleCRUD" name="test_create_unauthenticated" time="0.002" /><testcase classname="tests.backend_test.TestRefreshRotation" name="test_refresh_missing_cookie_returns_401" time="0.001" /><testcase classname="tests.backend_test.TestRefreshRotation" name="test_refresh_rotates_and_reuse_fails" time="1.517" /><testcase classname="tests.backend_test.TestRelatedArticles" name="test_related_fallback_to_category" time="0.466" /><testcase classname="tests.backend_test.TestRefreshRotation" name="test_refresh_invalid_token" time="0.001" /><testcase classname="tests.backend_test.TestCategories" name="test_list_categories" time="0.459" /><testcase classname="tests.backend_test.TestCategories" name="test_new_categories_present" time="0.332" /><testcase classname="tests.backend_test.TestRelatedArticles" name="test_related_nonexistent_article_returns_404" time="0.329" /><testcase classname="tests.backend_test.TestSubscribe" name="test_subscribe_new" time="1.215" /><testcase classname="tests.backend_test.TestAuthors" name="test_list_authors" time="0.044" /><testcase classname="tests.backend_test.TestAuthors" name="test_get_author_kirana" time="0.045" /><testcase classname="tests.backend_test.TestAI" name="test_ai_draft" time="6.522" /><testcase classname="tests.backend_test.TestSubscribe" name="test_subscribe_duplicate_idempotent" time="0.662" /><testcase classname="tests.backend_test.TestComments" name="test_comment_flow" time="0.051" /><testcase classname="tests.backend_test.TestComments" name="test_comment_requires_auth" time="0.002" /><testcase classname="tests.backend_test.TestEmergentSession" name="test_invalid_session_id_returns_401" time="0.087" /><testcase classname="tests.backend_test.TestEmergentSession" name="test_missing_session_id_returns_422" time="0.042" /><testcase classname="tests.backend_test.TestHealth" name="test_root_api_ok" time="0.042" /><testcase classname="tests.backend_test.TestSubscribeNoop" name="test_subscribe_still_succeeds_with_resend_configured" time="0.655" /><testcase classname="tests.backend_test.TestSenderEmailEnv" name="test_email_service_uses_sender_email_env" time="0.000" /><testcase classname="tests.backend_test.TestAI" name="test_ai_requires_auth" time="0.007" /><testcase classname="tests.backend_test.TestRSS" name="test_rss_id" time="0.027" /><testcase classname="tests.backend_test.TestRSS" name="test_rss_en" time="0.047" /></testsuite></testsuites>